# JRE version: Java(TM) SE Runtime Environment (21.0.11+9) (build 21.0.11+9-LTS-211)
# Java VM: Java HotSpot(TM) 64-Bit Server VM (21.0.11+9-LTS-211, mixed mode, sharing, tiered, compressed oops, compressed class ptrs, g1 gc, windows-amd64)
GC Precious Log:
 CardTable entry size: 512
 Card Set container configuration: InlinePtr #cards 5 size 8 Array Of Cards #cards 12 size 40 Howl #buckets 4 coarsen threshold 1843 Howl Bitmap #cards 512 size 80 coarsen threshold 460 Card regions per heap region 1 cards per card region 2048
 CPUs: 12 total, 12 available
 Memory: 5989M
 Large Page Support: Disabled
 NUMA Support: Disabled
 Compressed Oops: Enabled (32-bit)
 Heap Region Size: 1M
 Heap Min Capacity: 8M
 Heap Initial Capacity: 94M
 Heap Max Capacity: 1498M
 Pre-touch: Disabled
 Parallel Workers: 10
 Concurrent Workers: 3
 Concurrent Refinement Workers: 10
 Periodic GC: Disabled
Heap:
 garbage-first heap   total 82944K, used 58046K [0x00000000a2600000, 0x0000000100000000)
  region size 1024K, 31 young (31744K), 6 survivors (6144K)
 Metaspace       used 78022K, committed 78656K, reserved 1179648K
  class space    used 10687K, committed 11008K, reserved 1048576K
GC Heap History (20 events):
Event: 3.045 GC heap before
{Heap before GC invocations=2 (full 0):
 garbage-first heap   total 96256K, used 47736K [0x00000000a2600000, 0x0000000100000000)
  region size 1024K, 41 young (41984K), 3 survivors (3072K)
 Metaspace       used 21194K, committed 21504K, reserved 1114112K
  class space    used 2600K, committed 2752K, reserved 1048576K
}
Event: 3.052 GC heap after
{Heap after GC invocations=3 (full 0):
 garbage-first heap   total 96256K, used 15179K [0x00000000a2600000, 0x0000000100000000)
  region size 1024K, 7 young (7168K), 7 survivors (7168K)
 Metaspace       used 21194K, committed 21504K, reserved 1114112K
  class space    used 2600K, committed 2752K, reserved 1048576K
}
Event: 4.208 GC heap before
{Heap before GC invocations=4 (full 0):
 garbage-first heap   total 58368K, used 57163K [0x00000000a2600000, 0x0000000100000000)
  region size 1024K, 48 young (49152K), 7 survivors (7168K)
 Metaspace       used 26117K, committed 26432K, reserved 1114112K
  class space    used 3181K, committed 3328K, reserved 1048576K
}
Event: 4.220 GC heap after
{Heap after GC invocations=5 (full 0):
 garbage-first heap   total 68608K, used 18159K [0x00000000a2600000, 0x0000000100000000)
  region size 1024K, 5 young (5120K), 5 survivors (5120K)
 Metaspace       used 26117K, committed 26432K, reserved 1114112K
  class space    used 3181K, committed 3328K, reserved 1048576K
}
Event: 5.432 GC heap before
{Heap before GC invocations=5 (full 0):
 garbage-first heap   total 68608K, used 51951K [0x00000000a2600000, 0x0000000100000000)
  region size 1024K, 38 young (38912K), 5 survivors (5120K)
 Metaspace       used 32071K, committed 32448K, reserved 1114112K
  class space    used 4056K, committed 4224K, reserved 1048576K
}
Event: 5.441 GC heap after
{Heap after GC invocations=6 (full 0):
 garbage-first heap   total 68608K, used 20241K [0x00000000a2600000, 0x0000000100000000)
  region size 1024K, 3 young (3072K), 3 survivors (3072K)
 Metaspace       used 32071K, committed 32448K, reserved 1114112K
  class space    used 4056K, committed 4224K, reserved 1048576K
}
Event: 6.016 GC heap before
{Heap before GC invocations=6 (full 0):
 garbage-first heap   total 68608K, used 36625K [0x00000000a2600000, 0x0000000100000000)
  region size 1024K, 20 young (20480K), 3 survivors (3072K)
 Metaspace       used 35534K, committed 35968K, reserved 1114112K
  class space    used 4489K, committed 4672K, reserved 1048576K
}
Event: 6.022 GC heap after
{Heap after GC invocations=7 (full 0):
 garbage-first heap   total 68608K, used 21880K [0x00000000a2600000, 0x0000000100000000)
  region size 1024K, 4 young (4096K), 4 survivors (4096K)
 Metaspace       used 35534K, committed 35968K, reserved 1114112K
  class space    used 4489K, committed 4672K, reserved 1048576K
}
Event: 7.058 GC heap before
{Heap before GC invocations=8 (full 0):
 garbage-first heap   total 68608K, used 55672K [0x00000000a2600000, 0x0000000100000000)
  region size 1024K, 37 young (37888K), 4 survivors (4096K)
 Metaspace       used 40467K, committed 41024K, reserved 1114112K
  class space    used 5140K, committed 5376K, reserved 1048576K
}
Event: 7.069 GC heap after
{Heap after GC invocations=9 (full 0):
 garbage-first heap   total 68608K, used 24842K [0x00000000a2600000, 0x0000000100000000)
  region size 1024K, 5 young (5120K), 5 survivors (5120K)
 Metaspace       used 40467K, committed 41024K, reserved 1114112K
  class space    used 5140K, committed 5376K, reserved 1048576K
}
Event: 8.245 GC heap before
{Heap before GC invocations=9 (full 0):
 garbage-first heap   total 68608K, used 56586K [0x00000000a2600000, 0x0000000100000000)
  region size 1024K, 36 young (36864K), 5 survivors (5120K)
 Metaspace       used 45757K, committed 46400K, reserved 1114112K
  class space    used 5803K, committed 6080K, reserved 1048576K
}
Event: 8.255 GC heap after
{Heap after GC invocations=10 (full 0):
 garbage-first heap   total 68608K, used 27107K [0x00000000a2600000, 0x0000000100000000)
  region size 1024K, 3 young (3072K), 3 survivors (3072K)
 Metaspace       used 45757K, committed 46400K, reserved 1114112K
  class space    used 5803K, committed 6080K, reserved 1048576K
}
Event: 9.528 GC heap before
{Heap before GC invocations=10 (full 0):
 garbage-first heap   total 68608K, used 58851K [0x00000000a2600000, 0x0000000100000000)
  region size 1024K, 34 young (34816K), 3 survivors (3072K)
 Metaspace       used 54127K, committed 54784K, reserved 1114112K
  class space    used 7056K, committed 7360K, reserved 1048576K
}
Event: 9.533 GC heap after
{Heap after GC invocations=11 (full 0):
 garbage-first heap   total 68608K, used 28152K [0x00000000a2600000, 0x0000000100000000)
  region size 1024K, 4 young (4096K), 4 survivors (4096K)
 Metaspace       used 54127K, committed 54784K, reserved 1114112K
  class space    used 7056K, committed 7360K, reserved 1048576K
}
Event: 10.159 GC heap before
{Heap before GC invocations=11 (full 0):
 garbage-first heap   total 68608K, used 45560K [0x00000000a2600000, 0x0000000100000000)
  region size 1024K, 23 young (23552K), 4 survivors (4096K)
 Metaspace       used 59628K, committed 60160K, reserved 1114112K
  class space    used 7868K, committed 8128K, reserved 1048576K
}
Event: 10.163 GC heap after
{Heap after GC invocations=12 (full 0):
 garbage-first heap   total 68608K, used 29339K [0x00000000a2600000, 0x0000000100000000)
  region size 1024K, 3 young (3072K), 3 survivors (3072K)
 Metaspace       used 59628K, committed 60160K, reserved 1114112K
  class space    used 7868K, committed 8128K, reserved 1048576K
}
Event: 11.109 GC heap before
{Heap before GC invocations=13 (full 0):
 garbage-first heap   total 68608K, used 61083K [0x00000000a2600000, 0x0000000100000000)
  region size 1024K, 34 young (34816K), 3 survivors (3072K)
 Metaspace       used 66281K, committed 66944K, reserved 1114112K
  class space    used 8911K, committed 9216K, reserved 1048576K
}
Event: 11.114 GC heap after
{Heap after GC invocations=14 (full 0):
 garbage-first heap   total 82944K, used 31310K [0x00000000a2600000, 0x0000000100000000)
  region size 1024K, 5 young (5120K), 5 survivors (5120K)
 Metaspace       used 66281K, committed 66944K, reserved 1114112K
  class space    used 8911K, committed 9216K, reserved 1048576K
}
Event: 12.152 GC heap before
{Heap before GC invocations=14 (full 0):
 garbage-first heap   total 82944K, used 72270K [0x00000000a2600000, 0x0000000100000000)
  region size 1024K, 45 young (46080K), 5 survivors (5120K)
 Metaspace       used 72847K, committed 73536K, reserved 1114112K
  class space    used 10009K, committed 10368K, reserved 1048576K
}
Event: 12.161 GC heap after
{Heap after GC invocations=15 (full 0):
 garbage-first heap   total 82944K, used 34494K [0x00000000a2600000, 0x0000000100000000)
  region size 1024K, 6 young (6144K), 6 survivors (6144K)
 Metaspace       used 72847K, committed 73536K, reserved 1114112K
  class space    used 10009K, committed 10368K, reserved 1048576K
}

