# JRE version: Java(TM) SE Runtime Environment (21.0.11+9) (build 21.0.11+9-LTS-211)
# Java VM: Java HotSpot(TM) 64-Bit Server VM (21.0.11+9-LTS-211, mixed mode, sharing, tiered, compressed oops, compressed class ptrs, g1 gc, windows-amd64)
GC Precious Log:
 CardTable entry size: 512
 Card Set container configuration: InlinePtr #cards 5 size 8 Array Of Cards #cards 12 size 40 Howl #buckets 4 coarsen threshold 1843 Howl Bitmap #cards 512 size 80 coarsen threshold 460 Card regions per heap region 1 cards per card region 2048
 CPUs: 12 total, 12 available
 Memory: 5989M
 Large Page Support: Disabled
 NUMA Support: Disabled
 Compressed Oops: Enabled (32-bit)
 Heap Region Size: 1M
 Heap Min Capacity: 8M
 Heap Initial Capacity: 94M
 Heap Max Capacity: 1498M
 Pre-touch: Disabled
 Parallel Workers: 10
 Concurrent Workers: 3
 Concurrent Refinement Workers: 10
 Periodic GC: Disabled
Heap:
 garbage-first heap   total 70656K, used 32379K [0x00000000a2600000, 0x0000000100000000)
  region size 1024K, 2 young (2048K), 1 survivors (1024K)
 Metaspace       used 66470K, committed 67136K, reserved 1114112K
  class space    used 8932K, committed 9216K, reserved 1048576K
GC Heap History (20 events):
Event: 4.687 GC heap after
{Heap after GC invocations=3 (full 0):
 garbage-first heap   total 96256K, used 15477K [0x00000000a2600000, 0x0000000100000000)
  region size 1024K, 7 young (7168K), 7 survivors (7168K)
 Metaspace       used 21235K, committed 21504K, reserved 1114112K
  class space    used 2610K, committed 2752K, reserved 1048576K
}
Event: 5.452 GC heap before
{Heap before GC invocations=4 (full 0):
 garbage-first heap   total 58368K, used 43125K [0x00000000a2600000, 0x0000000100000000)
  region size 1024K, 34 young (34816K), 7 survivors (7168K)
 Metaspace       used 23902K, committed 24256K, reserved 1114112K
  class space    used 2923K, committed 3072K, reserved 1048576K
}
Event: 5.463 GC heap after
{Heap after GC invocations=5 (full 0):
 garbage-first heap   total 58368K, used 18321K [0x00000000a2600000, 0x0000000100000000)
  region size 1024K, 4 young (4096K), 4 survivors (4096K)
 Metaspace       used 23902K, committed 24256K, reserved 1114112K
  class space    used 2923K, committed 3072K, reserved 1048576K
}
Event: 6.825 GC heap before
{Heap before GC invocations=5 (full 0):
 garbage-first heap   total 58368K, used 41873K [0x00000000a2600000, 0x0000000100000000)
  region size 1024K, 28 young (28672K), 4 survivors (4096K)
 Metaspace       used 27476K, committed 27840K, reserved 1114112K
  class space    used 3352K, committed 3520K, reserved 1048576K
}
Event: 6.833 GC heap after
{Heap after GC invocations=6 (full 0):
 garbage-first heap   total 58368K, used 19880K [0x00000000a2600000, 0x0000000100000000)
  region size 1024K, 2 young (2048K), 2 survivors (2048K)
 Metaspace       used 27476K, committed 27840K, reserved 1114112K
  class space    used 3352K, committed 3520K, reserved 1048576K
}
Event: 8.115 GC heap before
{Heap before GC invocations=6 (full 0):
 garbage-first heap   total 58368K, used 44456K [0x00000000a2600000, 0x0000000100000000)
  region size 1024K, 27 young (27648K), 2 survivors (2048K)
 Metaspace       used 32189K, committed 32640K, reserved 1114112K
  class space    used 4070K, committed 4288K, reserved 1048576K
}
Event: 8.121 GC heap after
{Heap after GC invocations=7 (full 0):
 garbage-first heap   total 58368K, used 21942K [0x00000000a2600000, 0x0000000100000000)
  region size 1024K, 4 young (4096K), 4 survivors (4096K)
 Metaspace       used 32189K, committed 32640K, reserved 1114112K
  class space    used 4070K, committed 4288K, reserved 1048576K
}
Event: 8.890 GC heap before
{Heap before GC invocations=7 (full 0):
 garbage-first heap   total 58368K, used 36278K [0x00000000a2600000, 0x0000000100000000)
  region size 1024K, 19 young (19456K), 4 survivors (4096K)
 Metaspace       used 35556K, committed 35968K, reserved 1114112K
  class space    used 4486K, committed 4672K, reserved 1048576K
}
Event: 8.903 GC heap after
{Heap after GC invocations=8 (full 0):
 garbage-first heap   total 58368K, used 23159K [0x00000000a2600000, 0x0000000100000000)
  region size 1024K, 4 young (4096K), 4 survivors (4096K)
 Metaspace       used 35556K, committed 35968K, reserved 1114112K
  class space    used 4486K, committed 4672K, reserved 1048576K
}
Event: 10.263 GC heap before
{Heap before GC invocations=9 (full 0):
 garbage-first heap   total 58368K, used 46711K [0x00000000a2600000, 0x0000000100000000)
  region size 1024K, 28 young (28672K), 4 survivors (4096K)
 Metaspace       used 39833K, committed 40320K, reserved 1114112K
  class space    used 5031K, committed 5248K, reserved 1048576K
}
Event: 10.277 GC heap after
{Heap after GC invocations=10 (full 0):
 garbage-first heap   total 58368K, used 25204K [0x00000000a2600000, 0x0000000100000000)
  region size 1024K, 4 young (4096K), 4 survivors (4096K)
 Metaspace       used 39833K, committed 40320K, reserved 1114112K
  class space    used 5031K, committed 5248K, reserved 1048576K
}
Event: 11.151 GC heap before
{Heap before GC invocations=10 (full 0):
 garbage-first heap   total 58368K, used 47732K [0x00000000a2600000, 0x0000000100000000)
  region size 1024K, 27 young (27648K), 4 survivors (4096K)
 Metaspace       used 41997K, committed 42624K, reserved 1114112K
  class space    used 5320K, committed 5632K, reserved 1048576K
}
Event: 11.156 GC heap after
{Heap after GC invocations=11 (full 0):
 garbage-first heap   total 70656K, used 26539K [0x00000000a2600000, 0x0000000100000000)
  region size 1024K, 2 young (2048K), 2 survivors (2048K)
 Metaspace       used 41997K, committed 42624K, reserved 1114112K
  class space    used 5320K, committed 5632K, reserved 1048576K
}
Event: 13.608 GC heap before
{Heap before GC invocations=11 (full 0):
 garbage-first heap   total 70656K, used 59307K [0x00000000a2600000, 0x0000000100000000)
  region size 1024K, 34 young (34816K), 2 survivors (2048K)
 Metaspace       used 50462K, committed 51072K, reserved 1114112K
  class space    used 6466K, committed 6784K, reserved 1048576K
}
Event: 13.613 GC heap after
{Heap after GC invocations=12 (full 0):
 garbage-first heap   total 70656K, used 28528K [0x00000000a2600000, 0x0000000100000000)
  region size 1024K, 4 young (4096K), 4 survivors (4096K)
 Metaspace       used 50462K, committed 51072K, reserved 1114112K
  class space    used 6466K, committed 6784K, reserved 1048576K
}
Event: 16.140 GC heap before
{Heap before GC invocations=12 (full 0):
 garbage-first heap   total 70656K, used 59248K [0x00000000a2600000, 0x0000000100000000)
  region size 1024K, 35 young (35840K), 4 survivors (4096K)
 Metaspace       used 59466K, committed 60096K, reserved 1114112K
  class space    used 7859K, committed 8128K, reserved 1048576K
}
Event: 16.145 GC heap after
{Heap after GC invocations=13 (full 0):
 garbage-first heap   total 70656K, used 30121K [0x00000000a2600000, 0x0000000100000000)
  region size 1024K, 4 young (4096K), 4 survivors (4096K)
 Metaspace       used 59466K, committed 60096K, reserved 1114112K
  class space    used 7859K, committed 8128K, reserved 1048576K
}
Event: 16.152 GC heap before
{Heap before GC invocations=13 (full 0):
 garbage-first heap   total 70656K, used 30121K [0x00000000a2600000, 0x0000000100000000)
  region size 1024K, 5 young (5120K), 4 survivors (4096K)
 Metaspace       used 59566K, committed 60160K, reserved 1114112K
  class space    used 7859K, committed 8128K, reserved 1048576K
}
Event: 16.155 GC heap after
{Heap after GC invocations=14 (full 0):
 garbage-first heap   total 70656K, used 30219K [0x00000000a2600000, 0x0000000100000000)
  region size 1024K, 2 young (2048K), 2 survivors (2048K)
 Metaspace       used 59566K, committed 60160K, reserved 1114112K
  class space    used 7859K, committed 8128K, reserved 1048576K
}
Event: 18.296 GC heap before
{Heap before GC invocations=15 (full 0):
 garbage-first heap   total 70656K, used 62987K [0x00000000a2600000, 0x0000000100000000)
  region size 1024K, 34 young (34816K), 2 survivors (2048K)
 Metaspace       used 66322K, committed 66944K, reserved 1114112K
  class space    used 8913K, committed 9216K, reserved 1048576K
}

